{"C:\\Users\\STAGIAIRE\\Documents\\GitHub\\colorAPI_ACP\\server\\schemas\\verifyColorStock.schema.js": {"path":"C:\\Users\\STAGIAIRE\\Documents\\GitHub\\colorAPI_ACP\\server\\schemas\\verifyColorStock.schema.js","statementMap":{"0":{"start":{"line":1,"column":12},"end":{"line":1,"column":26}},"1":{"start":{"line":3,"column":25},"end":{"line":7,"column":2}},"2":{"start":{"line":10,"column":25},"end":{"line":14,"column":1}},"3":{"start":{"line":11,"column":29},"end":{"line":11,"column":60}},"4":{"start":{"line":12,"column":4},"end":{"line":12,"column":74}},"5":{"start":{"line":12,"column":15},"end":{"line":12,"column":74}},"6":{"start":{"line":13,"column":4},"end":{"line":13,"column":41}},"7":{"start":{"line":16,"column":0},"end":{"line":16,"column":34}}},"fnMap":{"0":{"name":"(anonymous_0)","decl":{"start":{"line":10,"column":25},"end":{"line":10,"column":26}},"loc":{"start":{"line":10,"column":35},"end":{"line":14,"column":1}},"line":10}},"branchMap":{"0":{"loc":{"start":{"line":12,"column":4},"end":{"line":12,"column":74}},"type":"if","locations":[{"start":{"line":12,"column":4},"end":{"line":12,"column":74}},{"start":{},"end":{}}],"line":12}},"s":{"0":1,"1":1,"2":1,"3":7,"4":7,"5":3,"6":4,"7":1},"f":{"0":7},"b":{"0":[3,4]},"_coverageSchema":"1a1c01bbd47fc00a2c39e90264f33305004495a9","hash":"c7145420e9dda95a16a3f9708d6d2bf0cc7582bd"}
,"C:\\Users\\STAGIAIRE\\Documents\\GitHub\\colorAPI_ACP\\server\\schemas\\verifyFilters.schema.js": {"path":"C:\\Users\\STAGIAIRE\\Documents\\GitHub\\colorAPI_ACP\\server\\schemas\\verifyFilters.schema.js","statementMap":{"0":{"start":{"line":1,"column":12},"end":{"line":1,"column":26}},"1":{"start":{"line":3,"column":21},"end":{"line":5,"column":2}},"2":{"start":{"line":7,"column":22},"end":{"line":16,"column":1}},"3":{"start":{"line":9,"column":4},"end":{"line":9,"column":171}},"4":{"start":{"line":9,"column":103},"end":{"line":9,"column":171}},"5":{"start":{"line":10,"column":29},"end":{"line":10,"column":62}},"6":{"start":{"line":11,"column":4},"end":{"line":14,"column":5}},"7":{"start":{"line":12,"column":8},"end":{"line":12,"column":53}},"8":{"start":{"line":13,"column":8},"end":{"line":13,"column":72}},"9":{"start":{"line":15,"column":4},"end":{"line":15,"column":61}},"10":{"start":{"line":18,"column":0},"end":{"line":18,"column":31}}},"fnMap":{"0":{"name":"(anonymous_0)","decl":{"start":{"line":7,"column":22},"end":{"line":7,"column":23}},"loc":{"start":{"line":7,"column":34},"end":{"line":16,"column":1}},"line":7}},"branchMap":{"0":{"loc":{"start":{"line":9,"column":4},"end":{"line":9,"column":171}},"type":"if","locations":[{"start":{"line":9,"column":4},"end":{"line":9,"column":171}},{"start":{},"end":{}}],"line":9},"1":{"loc":{"start":{"line":9,"column":8},"end":{"line":9,"column":101}},"type":"binary-expr","locations":[{"start":{"line":9,"column":8},"end":{"line":9,"column":15}},{"start":{"line":9,"column":19},"end":{"line":9,"column":33}},{"start":{"line":9,"column":37},"end":{"line":9,"column":101}}],"line":9},"2":{"loc":{"start":{"line":11,"column":4},"end":{"line":14,"column":5}},"type":"if","locations":[{"start":{"line":11,"column":4},"end":{"line":14,"column":5}},{"start":{},"end":{}}],"line":11}},"s":{"0":1,"1":1,"2":1,"3":7,"4":4,"5":3,"6":3,"7":0,"8":0,"9":3,"10":1},"f":{"0":7},"b":{"0":[4,3],"1":[7,5,4],"2":[0,3]},"_coverageSchema":"1a1c01bbd47fc00a2c39e90264f33305004495a9","hash":"96b571ed24787de6f7cad972f4ce2b4eef20d033"}
,"C:\\Users\\STAGIAIRE\\Documents\\GitHub\\colorAPI_ACP\\server\\schemas\\verifyNewPermissions.schema.js": {"path":"C:\\Users\\STAGIAIRE\\Documents\\GitHub\\colorAPI_ACP\\server\\schemas\\verifyNewPermissions.schema.js","statementMap":{"0":{"start":{"line":1,"column":12},"end":{"line":1,"column":26}},"1":{"start":{"line":3,"column":19},"end":{"line":6,"column":2}},"2":{"start":{"line":8,"column":33},"end":{"line":17,"column":5}},"3":{"start":{"line":9,"column":8},"end":{"line":9,"column":94}},"4":{"start":{"line":9,"column":23},"end":{"line":9,"column":94}},"5":{"start":{"line":10,"column":26},"end":{"line":10,"column":113}},"6":{"start":{"line":11,"column":8},"end":{"line":11,"column":91}},"7":{"start":{"line":11,"column":19},"end":{"line":11,"column":91}},"8":{"start":{"line":14,"column":8},"end":{"line":14,"column":157}},"9":{"start":{"line":14,"column":79},"end":{"line":14,"column":157}},"10":{"start":{"line":15,"column":8},"end":{"line":15,"column":78}},"11":{"start":{"line":19,"column":0},"end":{"line":19,"column":38}}},"fnMap":{"0":{"name":"(anonymous_0)","decl":{"start":{"line":8,"column":33},"end":{"line":8,"column":34}},"loc":{"start":{"line":8,"column":53},"end":{"line":17,"column":5}},"line":8}},"branchMap":{"0":{"loc":{"start":{"line":9,"column":8},"end":{"line":9,"column":94}},"type":"if","locations":[{"start":{"line":9,"column":8},"end":{"line":9,"column":94}},{"start":{},"end":{}}],"line":9},"1":{"loc":{"start":{"line":11,"column":8},"end":{"line":11,"column":91}},"type":"if","locations":[{"start":{"line":11,"column":8},"end":{"line":11,"column":91}},{"start":{},"end":{}}],"line":11},"2":{"loc":{"start":{"line":14,"column":8},"end":{"line":14,"column":157}},"type":"if","locations":[{"start":{"line":14,"column":8},"end":{"line":14,"column":157}},{"start":{},"end":{}}],"line":14},"3":{"loc":{"start":{"line":14,"column":12},"end":{"line":14,"column":77}},"type":"binary-expr","locations":[{"start":{"line":14,"column":12},"end":{"line":14,"column":33}},{"start":{"line":14,"column":37},"end":{"line":14,"column":77}}],"line":14}},"s":{"0":1,"1":1,"2":1,"3":8,"4":1,"5":7,"6":7,"7":2,"8":5,"9":2,"10":3,"11":1},"f":{"0":8},"b":{"0":[1,7],"1":[2,5],"2":[2,3],"3":[5,3]},"_coverageSchema":"1a1c01bbd47fc00a2c39e90264f33305004495a9","hash":"df11adff0451b4f8ae6e6b47766e3bcbbaa20a56"}
,"C:\\Users\\STAGIAIRE\\Documents\\GitHub\\colorAPI_ACP\\server\\schemas\\verifyUser.schema.js": {"path":"C:\\Users\\STAGIAIRE\\Documents\\GitHub\\colorAPI_ACP\\server\\schemas\\verifyUser.schema.js","statementMap":{"0":{"start":{"line":1,"column":12},"end":{"line":1,"column":26}},"1":{"start":{"line":4,"column":25},"end":{"line":25,"column":1}},"2":{"start":{"line":5,"column":4},"end":{"line":5,"column":115}},"3":{"start":{"line":5,"column":49},"end":{"line":5,"column":115}},"4":{"start":{"line":6,"column":4},"end":{"line":6,"column":120}},"5":{"start":{"line":6,"column":42},"end":{"line":6,"column":120}},"6":{"start":{"line":7,"column":21},"end":{"line":7,"column":41}},"7":{"start":{"line":8,"column":21},"end":{"line":8,"column":41}},"8":{"start":{"line":9,"column":22},"end":{"line":9,"column":42}},"9":{"start":{"line":10,"column":4},"end":{"line":10,"column":64}},"10":{"start":{"line":10,"column":26},"end":{"line":10,"column":64}},"11":{"start":{"line":12,"column":4},"end":{"line":24,"column":5}},"12":{"start":{"line":13,"column":27},"end":{"line":17,"column":10}},"13":{"start":{"line":18,"column":23},"end":{"line":18,"column":113}},"14":{"start":{"line":19,"column":8},"end":{"line":19,"column":93}},"15":{"start":{"line":22,"column":8},"end":{"line":22,"column":50}},"16":{"start":{"line":23,"column":8},"end":{"line":23,"column":116}},"17":{"start":{"line":27,"column":0},"end":{"line":27,"column":34}}},"fnMap":{"0":{"name":"(anonymous_0)","decl":{"start":{"line":4,"column":25},"end":{"line":4,"column":26}},"loc":{"start":{"line":4,"column":41},"end":{"line":25,"column":1}},"line":4}},"branchMap":{"0":{"loc":{"start":{"line":5,"column":4},"end":{"line":5,"column":115}},"type":"if","locations":[{"start":{"line":5,"column":4},"end":{"line":5,"column":115}},{"start":{},"end":{}}],"line":5},"1":{"loc":{"start":{"line":5,"column":8},"end":{"line":5,"column":47}},"type":"binary-expr","locations":[{"start":{"line":5,"column":8},"end":{"line":5,"column":13}},{"start":{"line":5,"column":17},"end":{"line":5,"column":47}}],"line":5},"2":{"loc":{"start":{"line":6,"column":4},"end":{"line":6,"column":120}},"type":"if","locations":[{"start":{"line":6,"column":4},"end":{"line":6,"column":120}},{"start":{},"end":{}}],"line":6},"3":{"loc":{"start":{"line":6,"column":8},"end":{"line":6,"column":40}},"type":"binary-expr","locations":[{"start":{"line":6,"column":8},"end":{"line":6,"column":22}},{"start":{"line":6,"column":26},"end":{"line":6,"column":40}}],"line":6},"4":{"loc":{"start":{"line":10,"column":4},"end":{"line":10,"column":64}},"type":"if","locations":[{"start":{"line":10,"column":4},"end":{"line":10,"column":64}},{"start":{},"end":{}}],"line":10}},"s":{"0":1,"1":1,"2":10,"3":2,"4":8,"5":2,"6":6,"7":6,"8":6,"9":6,"10":1,"11":6,"12":6,"13":6,"14":2,"15":4,"16":4,"17":1},"f":{"0":10},"b":{"0":[2,8],"1":[10,9],"2":[2,6],"3":[8,7],"4":[1,5]},"_coverageSchema":"1a1c01bbd47fc00a2c39e90264f33305004495a9","hash":"6bb73bfac82337e13f61a97f932377e8a1e809f5"}
,"C:\\Users\\STAGIAIRE\\Documents\\GitHub\\colorAPI_ACP\\server\\utils\\_CompareHash.js": {"path":"C:\\Users\\STAGIAIRE\\Documents\\GitHub\\colorAPI_ACP\\server\\utils\\_CompareHash.js","statementMap":{"0":{"start":{"line":1,"column":15},"end":{"line":1,"column":32}},"1":{"start":{"line":3,"column":20},"end":{"line":12,"column":1}},"2":{"start":{"line":4,"column":4},"end":{"line":11,"column":5}},"3":{"start":{"line":5,"column":23},"end":{"line":5,"column":56}},"4":{"start":{"line":6,"column":8},"end":{"line":6,"column":116}},"5":{"start":{"line":6,"column":41},"end":{"line":6,"column":116}},"6":{"start":{"line":7,"column":8},"end":{"line":7,"column":87}},"7":{"start":{"line":9,"column":8},"end":{"line":9,"column":56}},"8":{"start":{"line":10,"column":8},"end":{"line":10,"column":80}},"9":{"start":{"line":14,"column":0},"end":{"line":14,"column":29}}},"fnMap":{"0":{"name":"(anonymous_0)","decl":{"start":{"line":3,"column":20},"end":{"line":3,"column":21}},"loc":{"start":{"line":3,"column":43},"end":{"line":12,"column":1}},"line":3}},"branchMap":{"0":{"loc":{"start":{"line":6,"column":8},"end":{"line":6,"column":116}},"type":"if","locations":[{"start":{"line":6,"column":8},"end":{"line":6,"column":116}},{"start":{},"end":{}}],"line":6}},"s":{"0":1,"1":1,"2":3,"3":3,"4":3,"5":0,"6":3,"7":0,"8":0,"9":1},"f":{"0":3},"b":{"0":[0,3]},"_coverageSchema":"1a1c01bbd47fc00a2c39e90264f33305004495a9","hash":"1dd4360df3f986d4d357d62985ddb0ae969b6235"}
,"C:\\Users\\STAGIAIRE\\Documents\\GitHub\\colorAPI_ACP\\server\\utils\\_CreateToken.js": {"path":"C:\\Users\\STAGIAIRE\\Documents\\GitHub\\colorAPI_ACP\\server\\utils\\_CreateToken.js","statementMap":{"0":{"start":{"line":1,"column":12},"end":{"line":1,"column":35}},"1":{"start":{"line":4,"column":20},"end":{"line":13,"column":1}},"2":{"start":{"line":5,"column":16},"end":{"line":5,"column":38}},"3":{"start":{"line":6,"column":23},"end":{"line":6,"column":49}},"4":{"start":{"line":7,"column":4},"end":{"line":12,"column":5}},"5":{"start":{"line":8,"column":22},"end":{"line":8,"column":71}},"6":{"start":{"line":9,"column":8},"end":{"line":9,"column":97}},"7":{"start":{"line":11,"column":8},"end":{"line":11,"column":79}},"8":{"start":{"line":15,"column":0},"end":{"line":15,"column":29}}},"fnMap":{"0":{"name":"(anonymous_0)","decl":{"start":{"line":4,"column":20},"end":{"line":4,"column":21}},"loc":{"start":{"line":4,"column":39},"end":{"line":13,"column":1}},"line":4}},"branchMap":{},"s":{"0":1,"1":1,"2":6,"3":6,"4":6,"5":6,"6":6,"7":0,"8":1},"f":{"0":6},"b":{},"_coverageSchema":"1a1c01bbd47fc00a2c39e90264f33305004495a9","hash":"a2629a4465b4fb94410ee54f0fc6ab44195091b3"}
,"C:\\Users\\STAGIAIRE\\Documents\\GitHub\\colorAPI_ACP\\server\\utils\\_Hash.js": {"path":"C:\\Users\\STAGIAIRE\\Documents\\GitHub\\colorAPI_ACP\\server\\utils\\_Hash.js","statementMap":{"0":{"start":{"line":1,"column":15},"end":{"line":1,"column":32}},"1":{"start":{"line":2,"column":15},"end":{"line":2,"column":32}},"2":{"start":{"line":4,"column":0},"end":{"line":4,"column":16}},"3":{"start":{"line":6,"column":13},"end":{"line":16,"column":1}},"4":{"start":{"line":7,"column":4},"end":{"line":15,"column":5}},"5":{"start":{"line":8,"column":27},"end":{"line":8,"column":57}},"6":{"start":{"line":9,"column":25},"end":{"line":9,"column":74}},"7":{"start":{"line":10,"column":8},"end":{"line":10,"column":59}},"8":{"start":{"line":11,"column":8},"end":{"line":11,"column":92}},"9":{"start":{"line":13,"column":8},"end":{"line":13,"column":47}},"10":{"start":{"line":14,"column":8},"end":{"line":14,"column":72}},"11":{"start":{"line":18,"column":0},"end":{"line":18,"column":22}}},"fnMap":{"0":{"name":"(anonymous_0)","decl":{"start":{"line":6,"column":13},"end":{"line":6,"column":14}},"loc":{"start":{"line":6,"column":29},"end":{"line":16,"column":1}},"line":6}},"branchMap":{},"s":{"0":1,"1":1,"2":1,"3":1,"4":4,"5":4,"6":4,"7":4,"8":4,"9":0,"10":0,"11":1},"f":{"0":4},"b":{},"_coverageSchema":"1a1c01bbd47fc00a2c39e90264f33305004495a9","hash":"f31bcd416db2ffffef62dab49ece63283b8422b6"}
,"C:\\Users\\STAGIAIRE\\Documents\\GitHub\\colorAPI_ACP\\server\\utils\\_ReadToken.js": {"path":"C:\\Users\\STAGIAIRE\\Documents\\GitHub\\colorAPI_ACP\\server\\utils\\_ReadToken.js","statementMap":{"0":{"start":{"line":1,"column":15},"end":{"line":1,"column":32}},"1":{"start":{"line":2,"column":0},"end":{"line":2,"column":16}},"2":{"start":{"line":4,"column":12},"end":{"line":4,"column":35}},"3":{"start":{"line":6,"column":18},"end":{"line":14,"column":1}},"4":{"start":{"line":7,"column":4},"end":{"line":13,"column":5}},"5":{"start":{"line":8,"column":23},"end":{"line":8,"column":64}},"6":{"start":{"line":9,"column":8},"end":{"line":9,"column":85}},"7":{"start":{"line":11,"column":8},"end":{"line":11,"column":55}},"8":{"start":{"line":12,"column":8},"end":{"line":12,"column":93}},"9":{"start":{"line":16,"column":0},"end":{"line":16,"column":27}}},"fnMap":{"0":{"name":"(anonymous_0)","decl":{"start":{"line":6,"column":18},"end":{"line":6,"column":19}},"loc":{"start":{"line":6,"column":29},"end":{"line":14,"column":1}},"line":6}},"branchMap":{},"s":{"0":1,"1":1,"2":1,"3":1,"4":9,"5":9,"6":3,"7":6,"8":6,"9":1},"f":{"0":9},"b":{},"_coverageSchema":"1a1c01bbd47fc00a2c39e90264f33305004495a9","hash":"b3a1db8a4d3ded546eeadf3a2d3aada5a7004656"}
,"C:\\Users\\STAGIAIRE\\Documents\\GitHub\\colorAPI_ACP\\tests\\helpers\\testHelpers.js": {"path":"C:\\Users\\STAGIAIRE\\Documents\\GitHub\\colorAPI_ACP\\tests\\helpers\\testHelpers.js","statementMap":{"0":{"start":{"line":2,"column":16},"end":{"line":2,"column":36}},"1":{"start":{"line":3,"column":12},"end":{"line":3,"column":35}},"2":{"start":{"line":6,"column":24},"end":{"line":13,"column":1}},"3":{"start":{"line":7,"column":18},"end":{"line":11,"column":3}},"4":{"start":{"line":12,"column":2},"end":{"line":12,"column":93}},"5":{"start":{"line":16,"column":19},"end":{"line":21,"column":1}},"6":{"start":{"line":24,"column":18},"end":{"line":49,"column":1}},"7":{"start":{"line":52,"column":19},"end":{"line":79,"column":1}},"8":{"start":{"line":82,"column":24},"end":{"line":86,"column":1}},"9":{"start":{"line":89,"column":17},"end":{"line":104,"column":1}},"10":{"start":{"line":107,"column":29},"end":{"line":110,"column":1}},"11":{"start":{"line":108,"column":2},"end":{"line":109,"column":45}},"12":{"start":{"line":113,"column":24},"end":{"line":146,"column":1}},"13":{"start":{"line":116,"column":4},"end":{"line":118,"column":5}},"14":{"start":{"line":117,"column":6},"end":{"line":117,"column":50}},"15":{"start":{"line":119,"column":4},"end":{"line":119,"column":73}},"16":{"start":{"line":124,"column":17},"end":{"line":124,"column":32}},"17":{"start":{"line":125,"column":4},"end":{"line":131,"column":5}},"18":{"start":{"line":126,"column":6},"end":{"line":126,"column":55}},"19":{"start":{"line":126,"column":34},"end":{"line":126,"column":53}},"20":{"start":{"line":127,"column":11},"end":{"line":131,"column":5}},"21":{"start":{"line":128,"column":6},"end":{"line":128,"column":55}},"22":{"start":{"line":128,"column":34},"end":{"line":128,"column":53}},"23":{"start":{"line":129,"column":11},"end":{"line":131,"column":5}},"24":{"start":{"line":130,"column":6},"end":{"line":130,"column":56}},"25":{"start":{"line":130,"column":34},"end":{"line":130,"column":54}},"26":{"start":{"line":132,"column":4},"end":{"line":132,"column":42}},"27":{"start":{"line":137,"column":17},"end":{"line":137,"column":53}},"28":{"start":{"line":137,"column":37},"end":{"line":137,"column":52}},"29":{"start":{"line":138,"column":4},"end":{"line":138,"column":79}},"30":{"start":{"line":138,"column":15},"end":{"line":138,"column":79}},"31":{"start":{"line":140,"column":4},"end":{"line":140,"column":69}},"32":{"start":{"line":140,"column":22},"end":{"line":140,"column":69}},"33":{"start":{"line":141,"column":4},"end":{"line":141,"column":74}},"34":{"start":{"line":141,"column":22},"end":{"line":141,"column":74}},"35":{"start":{"line":142,"column":4},"end":{"line":142,"column":94}},"36":{"start":{"line":142,"column":22},"end":{"line":142,"column":94}},"37":{"start":{"line":144,"column":4},"end":{"line":144,"column":38}},"38":{"start":{"line":148,"column":0},"end":{"line":157,"column":2}}},"fnMap":{"0":{"name":"(anonymous_0)","decl":{"start":{"line":6,"column":24},"end":{"line":6,"column":25}},"loc":{"start":{"line":6,"column":54},"end":{"line":13,"column":1}},"line":6},"1":{"name":"(anonymous_1)","decl":{"start":{"line":107,"column":29},"end":{"line":107,"column":30}},"loc":{"start":{"line":107,"column":82},"end":{"line":110,"column":1}},"line":107},"2":{"name":"(anonymous_2)","decl":{"start":{"line":115,"column":24},"end":{"line":115,"column":25}},"loc":{"start":{"line":115,"column":48},"end":{"line":120,"column":3}},"line":115},"3":{"name":"(anonymous_3)","decl":{"start":{"line":123,"column":16},"end":{"line":123,"column":17}},"loc":{"start":{"line":123,"column":28},"end":{"line":133,"column":3}},"line":123},"4":{"name":"(anonymous_4)","decl":{"start":{"line":126,"column":29},"end":{"line":126,"column":30}},"loc":{"start":{"line":126,"column":34},"end":{"line":126,"column":53}},"line":126},"5":{"name":"(anonymous_5)","decl":{"start":{"line":128,"column":29},"end":{"line":128,"column":30}},"loc":{"start":{"line":128,"column":34},"end":{"line":128,"column":53}},"line":128},"6":{"name":"(anonymous_6)","decl":{"start":{"line":130,"column":29},"end":{"line":130,"column":30}},"loc":{"start":{"line":130,"column":34},"end":{"line":130,"column":54}},"line":130},"7":{"name":"(anonymous_7)","decl":{"start":{"line":136,"column":22},"end":{"line":136,"column":23}},"loc":{"start":{"line":136,"column":34},"end":{"line":145,"column":3}},"line":136},"8":{"name":"(anonymous_8)","decl":{"start":{"line":137,"column":32},"end":{"line":137,"column":33}},"loc":{"start":{"line":137,"column":37},"end":{"line":137,"column":52}},"line":137}},"branchMap":{"0":{"loc":{"start":{"line":6,"column":33},"end":{"line":6,"column":49}},"type":"default-arg","locations":[{"start":{"line":6,"column":47},"end":{"line":6,"column":49}}],"line":6},"1":{"loc":{"start":{"line":12,"column":27},"end":{"line":12,"column":70}},"type":"binary-expr","locations":[{"start":{"line":12,"column":27},"end":{"line":12,"column":49}},{"start":{"line":12,"column":53},"end":{"line":12,"column":70}}],"line":12},"2":{"loc":{"start":{"line":107,"column":53},"end":{"line":107,"column":77}},"type":"default-arg","locations":[{"start":{"line":107,"column":61},"end":{"line":107,"column":77}}],"line":107},"3":{"loc":{"start":{"line":116,"column":4},"end":{"line":118,"column":5}},"type":"if","locations":[{"start":{"line":116,"column":4},"end":{"line":118,"column":5}},{"start":{},"end":{}}],"line":116},"4":{"loc":{"start":{"line":116,"column":8},"end":{"line":116,"column":60}},"type":"binary-expr","locations":[{"start":{"line":116,"column":8},"end":{"line":116,"column":28}},{"start":{"line":116,"column":32},"end":{"line":116,"column":60}}],"line":116},"5":{"loc":{"start":{"line":125,"column":4},"end":{"line":131,"column":5}},"type":"if","locations":[{"start":{"line":125,"column":4},"end":{"line":131,"column":5}},{"start":{"line":127,"column":11},"end":{"line":131,"column":5}}],"line":125},"6":{"loc":{"start":{"line":127,"column":11},"end":{"line":131,"column":5}},"type":"if","locations":[{"start":{"line":127,"column":11},"end":{"line":131,"column":5}},{"start":{"line":129,"column":11},"end":{"line":131,"column":5}}],"line":127},"7":{"loc":{"start":{"line":129,"column":11},"end":{"line":131,"column":5}},"type":"if","locations":[{"start":{"line":129,"column":11},"end":{"line":131,"column":5}},{"start":{},"end":{}}],"line":129},"8":{"loc":{"start":{"line":138,"column":4},"end":{"line":138,"column":79}},"type":"if","locations":[{"start":{"line":138,"column":4},"end":{"line":138,"column":79}},{"start":{},"end":{}}],"line":138},"9":{"loc":{"start":{"line":140,"column":4},"end":{"line":140,"column":69}},"type":"if","locations":[{"start":{"line":140,"column":4},"end":{"line":140,"column":69}},{"start":{},"end":{}}],"line":140},"10":{"loc":{"start":{"line":141,"column":4},"end":{"line":141,"column":74}},"type":"if","locations":[{"start":{"line":141,"column":4},"end":{"line":141,"column":74}},{"start":{},"end":{}}],"line":141},"11":{"loc":{"start":{"line":142,"column":4},"end":{"line":142,"column":94}},"type":"if","locations":[{"start":{"line":142,"column":4},"end":{"line":142,"column":94}},{"start":{},"end":{}}],"line":142}},"s":{"0":4,"1":4,"2":4,"3":13,"4":13,"5":4,"6":4,"7":4,"8":4,"9":4,"10":4,"11":0,"12":4,"13":0,"14":0,"15":0,"16":3,"17":3,"18":1,"19":2,"20":2,"21":0,"22":0,"23":2,"24":0,"25":0,"26":3,"27":61,"28":84,"29":61,"30":1,"31":60,"32":43,"33":17,"34":13,"35":4,"36":4,"37":0,"38":4},"f":{"0":13,"1":0,"2":0,"3":3,"4":2,"5":0,"6":0,"7":61,"8":84},"b":{"0":[0],"1":[13,0],"2":[0],"3":[0,0],"4":[0,0],"5":[1,2],"6":[0,2],"7":[0,2],"8":[1,60],"9":[43,17],"10":[13,4],"11":[4,0]},"_coverageSchema":"1a1c01bbd47fc00a2c39e90264f33305004495a9","hash":"62891fa39dfcdf3b0a186a74a8fd52c9c3c9ffa2"}
}
