TN:
SF:server\schemas\verifyColorStock.schema.js
FN:10,(anonymous_0)
FNF:1
FNH:1
FNDA:7,(anonymous_0)
DA:1,1
DA:3,1
DA:10,1
DA:11,7
DA:12,7
DA:13,4
DA:16,1
LF:7
LH:7
BRDA:12,0,0,3
BRDA:12,0,1,4
BRF:2
BRH:2
end_of_record
TN:
SF:server\schemas\verifyFilters.schema.js
FN:7,(anonymous_0)
FNF:1
FNH:1
FNDA:7,(anonymous_0)
DA:1,1
DA:3,1
DA:7,1
DA:9,7
DA:10,3
DA:11,3
DA:12,0
DA:13,0
DA:15,3
DA:18,1
LF:10
LH:8
BRDA:9,0,0,4
BRDA:9,0,1,3
BRDA:9,1,0,7
BRDA:9,1,1,5
BRDA:9,1,2,4
BRDA:11,2,0,0
BRDA:11,2,1,3
BRF:7
BRH:6
end_of_record
TN:
SF:server\schemas\verifyNewPermissions.schema.js
FN:8,(anonymous_0)
FNF:1
FNH:1
FNDA:8,(anonymous_0)
DA:1,1
DA:3,1
DA:8,1
DA:9,8
DA:10,7
DA:11,7
DA:14,5
DA:15,3
DA:19,1
LF:9
LH:9
BRDA:9,0,0,1
BRDA:9,0,1,7
BRDA:11,1,0,2
BRDA:11,1,1,5
BRDA:14,2,0,2
BRDA:14,2,1,3
BRDA:14,3,0,5
BRDA:14,3,1,3
BRF:8
BRH:8
end_of_record
TN:
SF:server\schemas\verifyUser.schema.js
FN:4,(anonymous_0)
FNF:1
FNH:1
FNDA:10,(anonymous_0)
DA:1,1
DA:4,1
DA:5,10
DA:6,8
DA:7,6
DA:8,6
DA:9,6
DA:10,6
DA:12,6
DA:13,6
DA:18,6
DA:19,2
DA:22,4
DA:23,4
DA:27,1
LF:15
LH:15
BRDA:5,0,0,2
BRDA:5,0,1,8
BRDA:5,1,0,10
BRDA:5,1,1,9
BRDA:6,2,0,2
BRDA:6,2,1,6
BRDA:6,3,0,8
BRDA:6,3,1,7
BRDA:10,4,0,1
BRDA:10,4,1,5
BRF:10
BRH:10
end_of_record
TN:
SF:server\utils\_CompareHash.js
FN:3,(anonymous_0)
FNF:1
FNH:1
FNDA:3,(anonymous_0)
DA:1,1
DA:3,1
DA:4,3
DA:5,3
DA:6,3
DA:7,3
DA:9,0
DA:10,0
DA:14,1
LF:9
LH:7
BRDA:6,0,0,0
BRDA:6,0,1,3
BRF:2
BRH:1
end_of_record
TN:
SF:server\utils\_CreateToken.js
FN:4,(anonymous_0)
FNF:1
FNH:1
FNDA:6,(anonymous_0)
DA:1,1
DA:4,1
DA:5,6
DA:6,6
DA:7,6
DA:8,6
DA:9,6
DA:11,0
DA:15,1
LF:9
LH:8
BRF:0
BRH:0
end_of_record
TN:
SF:server\utils\_Hash.js
FN:6,(anonymous_0)
FNF:1
FNH:1
FNDA:4,(anonymous_0)
DA:1,1
DA:2,1
DA:4,1
DA:6,1
DA:7,4
DA:8,4
DA:9,4
DA:10,4
DA:11,4
DA:13,0
DA:14,0
DA:18,1
LF:12
LH:10
BRF:0
BRH:0
end_of_record
TN:
SF:server\utils\_ReadToken.js
FN:6,(anonymous_0)
FNF:1
FNH:1
FNDA:9,(anonymous_0)
DA:1,1
DA:2,1
DA:4,1
DA:6,1
DA:7,9
DA:8,9
DA:9,3
DA:11,6
DA:12,6
DA:16,1
LF:10
LH:10
BRF:0
BRH:0
end_of_record
TN:
SF:tests\helpers\testHelpers.js
FN:6,(anonymous_0)
FN:107,(anonymous_1)
FN:115,(anonymous_2)
FN:123,(anonymous_3)
FN:126,(anonymous_4)
FN:128,(anonymous_5)
FN:130,(anonymous_6)
FN:136,(anonymous_7)
FN:137,(anonymous_8)
FNF:9
FNH:5
FNDA:13,(anonymous_0)
FNDA:0,(anonymous_1)
FNDA:0,(anonymous_2)
FNDA:3,(anonymous_3)
FNDA:2,(anonymous_4)
FNDA:0,(anonymous_5)
FNDA:0,(anonymous_6)
FNDA:61,(anonymous_7)
FNDA:84,(anonymous_8)
DA:2,4
DA:3,4
DA:6,4
DA:7,13
DA:12,13
DA:16,4
DA:24,4
DA:52,4
DA:82,4
DA:89,4
DA:107,4
DA:108,0
DA:113,4
DA:116,0
DA:117,0
DA:119,0
DA:124,3
DA:125,3
DA:126,2
DA:127,2
DA:128,0
DA:129,2
DA:130,0
DA:132,3
DA:137,84
DA:138,61
DA:140,60
DA:141,17
DA:142,4
DA:144,0
DA:148,4
LF:31
LH:24
BRDA:6,0,0,0
BRDA:12,1,0,13
BRDA:12,1,1,0
BRDA:107,2,0,0
BRDA:116,3,0,0
BRDA:116,3,1,0
BRDA:116,4,0,0
BRDA:116,4,1,0
BRDA:125,5,0,1
BRDA:125,5,1,2
BRDA:127,6,0,0
BRDA:127,6,1,2
BRDA:129,7,0,0
BRDA:129,7,1,2
BRDA:138,8,0,1
BRDA:138,8,1,60
BRDA:140,9,0,43
BRDA:140,9,1,17
BRDA:141,10,0,13
BRDA:141,10,1,4
BRDA:142,11,0,4
BRDA:142,11,1,0
BRF:22
BRH:12
end_of_record
